[debug] [2021-12-25T16:54:17.517Z] ----------------------------------------------------------------------
[debug] [2021-12-25T16:54:17.520Z] Command:       C:\Program Files\nodejs\node.exe C:\Users\Dell\AppData\Roaming\npm\node_modules\firebase-tools\lib\bin\firebase.js deploy
[debug] [2021-12-25T16:54:17.520Z] CLI Version:   10.0.1
[debug] [2021-12-25T16:54:17.521Z] Platform:      win32
[debug] [2021-12-25T16:54:17.521Z] Node Version:  v17.0.1
[debug] [2021-12-25T16:54:17.523Z] Time:          Sat Dec 25 2021 22:24:17 GMT+0530 (India Standard Time)
[debug] [2021-12-25T16:54:17.523Z] ----------------------------------------------------------------------
[debug] 
[debug] [2021-12-25T16:54:17.602Z] > command requires scopes: ["email","openid","https://www.googleapis.com/auth/cloudplatformprojects.readonly","https://www.googleapis.com/auth/firebase","https://www.googleapis.com/auth/cloud-platform"]
[debug] [2021-12-25T16:54:17.603Z] > authorizing via signed-in user (chaitanyalokhande87@gmail.com)
[debug] [2021-12-25T16:54:17.603Z] [iam] checking project todo-app-a172d for permissions ["firebase.projects.get","firebasehosting.sites.update"]
[debug] [2021-12-25T16:54:17.607Z] >>> HTTP REQUEST POST https://cloudresourcemanager.googleapis.com/v1/projects/todo-app-a172d:testIamPermissions  
 {"permissions":["firebase.projects.get","firebasehosting.sites.update"]}
[debug] [2021-12-25T16:54:19.985Z] <<< HTTP RESPONSE 200 {"content-type":"application/json; charset=UTF-8","vary":"X-Origin, Referer, Origin,Accept-Encoding","date":"Sat, 25 Dec 2021 16:54:19 GMT","server":"ESF","cache-control":"private","x-xss-protection":"0","x-frame-options":"SAMEORIGIN","x-content-type-options":"nosniff","server-timing":"gfet4t7; dur=1224","alt-svc":"h3=\":443\"; ma=2592000,h3-29=\":443\"; ma=2592000,h3-Q050=\":443\"; ma=2592000,h3-Q046=\":443\"; ma=2592000,h3-Q043=\":443\"; ma=2592000,quic=\":443\"; ma=2592000; v=\"46,43\"","accept-ranges":"none","transfer-encoding":"chunked"}
[debug] [2021-12-25T16:54:19.997Z] > refreshing access token with scopes: []
[debug] [2021-12-25T16:54:19.998Z] >>> HTTP REQUEST POST https://www.googleapis.com/oauth2/v3/token  
 <request body omitted>
[debug] [2021-12-25T16:54:20.544Z] <<< HTTP RESPONSE 200 {"expires":"Mon, 01 Jan 1990 00:00:00 GMT","cache-control":"no-cache, no-store, max-age=0, must-revalidate","pragma":"no-cache","date":"Sat, 25 Dec 2021 16:54:20 GMT","content-type":"application/json; charset=utf-8","vary":"X-Origin, Referer, Origin,Accept-Encoding","server":"scaffolding on HTTPServer2","x-xss-protection":"0","x-frame-options":"SAMEORIGIN","x-content-type-options":"nosniff","alt-svc":"h3=\":443\"; ma=2592000,h3-29=\":443\"; ma=2592000,h3-Q050=\":443\"; ma=2592000,h3-Q046=\":443\"; ma=2592000,h3-Q043=\":443\"; ma=2592000,quic=\":443\"; ma=2592000; v=\"46,43\"","accept-ranges":"none","transfer-encoding":"chunked"}
[debug] [2021-12-25T16:54:20.709Z] >>> [apiv2][query] GET https://firebase.googleapis.com/v1beta1/projects/todo-app-a172d [none]
[debug] [2021-12-25T16:54:21.525Z] <<< [apiv2][status] GET https://firebase.googleapis.com/v1beta1/projects/todo-app-a172d 200
[debug] [2021-12-25T16:54:21.526Z] <<< [apiv2][body] GET https://firebase.googleapis.com/v1beta1/projects/todo-app-a172d {"projectId":"todo-app-a172d","projectNumber":"1042461846677","displayName":"todo-app","name":"projects/todo-app-a172d","resources":{"hostingSite":"todo-app-a172d","storageBucket":"todo-app-a172d.appspot.com","locationId":"us-central"},"state":"ACTIVE"}
[info] 
[info] === Deploying to 'todo-app-a172d'...
[info] 
[info] i  deploying hosting 
[debug] [2021-12-25T16:54:21.563Z] > refreshing access token with scopes: ["email","https://www.googleapis.com/auth/cloud-platform","https://www.googleapis.com/auth/cloudplatformprojects.readonly","https://www.googleapis.com/auth/firebase","openid"]
[debug] [2021-12-25T16:54:21.565Z] >>> HTTP REQUEST POST https://www.googleapis.com/oauth2/v3/token  
 <request body omitted>
[debug] [2021-12-25T16:54:25.305Z] <<< HTTP RESPONSE 200 {"cache-control":"no-cache, no-store, max-age=0, must-revalidate","date":"Sat, 25 Dec 2021 16:54:25 GMT","expires":"Mon, 01 Jan 1990 00:00:00 GMT","pragma":"no-cache","content-type":"application/json; charset=utf-8","vary":"X-Origin, Referer, Origin,Accept-Encoding","server":"scaffolding on HTTPServer2","x-xss-protection":"0","x-frame-options":"SAMEORIGIN","x-content-type-options":"nosniff","alt-svc":"h3=\":443\"; ma=2592000,h3-29=\":443\"; ma=2592000,h3-Q050=\":443\"; ma=2592000,h3-Q046=\":443\"; ma=2592000,h3-Q043=\":443\"; ma=2592000,quic=\":443\"; ma=2592000; v=\"46,43\"","accept-ranges":"none","transfer-encoding":"chunked"}
[debug] [2021-12-25T16:54:25.430Z] >>> HTTP REQUEST POST https://firebasehosting.googleapis.com/v1beta1/sites/todo-app-a172d/versions  
 {"config":{},"labels":{"deployment-tool":"cli-firebase"}}
[debug] [2021-12-25T16:54:27.958Z] <<< HTTP RESPONSE 200 {"content-type":"application/json; charset=UTF-8","vary":"X-Origin, Referer, Origin,Accept-Encoding","date":"Sat, 25 Dec 2021 16:54:27 GMT","server":"ESF","cache-control":"private","x-xss-protection":"0","x-frame-options":"SAMEORIGIN","x-content-type-options":"nosniff","alt-svc":"h3=\":443\"; ma=2592000,h3-29=\":443\"; ma=2592000,h3-Q050=\":443\"; ma=2592000,h3-Q046=\":443\"; ma=2592000,h3-Q043=\":443\"; ma=2592000,quic=\":443\"; ma=2592000; v=\"46,43\"","accept-ranges":"none","transfer-encoding":"chunked"}
[info] i  hosting[todo-app-a172d]: beginning deploy... 
[info] i  hosting[todo-app-a172d]: found 22 files in build 
[debug] [2021-12-25T16:54:28.059Z] > refreshing access token with scopes: []
[debug] [2021-12-25T16:54:28.060Z] >>> HTTP REQUEST POST https://www.googleapis.com/oauth2/v3/token  
 <request body omitted>
[debug] [2021-12-25T16:54:28.071Z] [hosting] hash cache [YnVpbGQ] stored for 22 files
[debug] [2021-12-25T16:54:28.072Z] [hosting][hash queue][FINAL] {"max":6,"min":1,"avg":2,"active":0,"complete":22,"success":22,"errored":0,"retried":0,"total":22,"elapsed":23}
[debug] [2021-12-25T16:54:32.439Z] <<< HTTP RESPONSE 200 {"date":"Sat, 25 Dec 2021 16:54:32 GMT","pragma":"no-cache","cache-control":"no-cache, no-store, max-age=0, must-revalidate","expires":"Mon, 01 Jan 1990 00:00:00 GMT","content-type":"application/json; charset=utf-8","vary":"X-Origin, Referer, Origin,Accept-Encoding","server":"scaffolding on HTTPServer2","x-xss-protection":"0","x-frame-options":"SAMEORIGIN","x-content-type-options":"nosniff","alt-svc":"h3=\":443\"; ma=2592000,h3-29=\":443\"; ma=2592000,h3-Q050=\":443\"; ma=2592000,h3-Q046=\":443\"; ma=2592000,h3-Q043=\":443\"; ma=2592000,quic=\":443\"; ma=2592000; v=\"46,43\"","accept-ranges":"none","transfer-encoding":"chunked"}
[debug] [2021-12-25T16:54:32.599Z] >>> [apiv2][query] POST https://firebasehosting.googleapis.com/v1beta1/sites/todo-app-a172d/versions/888bdcf583cc2dd5:populateFiles [none]
[debug] [2021-12-25T16:54:32.600Z] >>> [apiv2][body] POST https://firebasehosting.googleapis.com/v1beta1/sites/todo-app-a172d/versions/888bdcf583cc2dd5:populateFiles {"files":{"/404.html":"daa499dd96d8229e73235345702ba32f0793f0c8e5c0d30e40e37a5872be57aa","/asset-manifest.json":"966abf4b166bffaf80134ece58b9820095c05f6a23139ba8986813cd72576fd7","/favicon.ico":"eae62e993eb980ec8a25058c39d5a51feab118bd2100c4deebb2a9c158ec11f9","/index.html":"9fb2e9344704d3b3b2a286d136d04822298d0d3ac6130ab94f8f20b34c71d9de","/logo192.png":"3ee59515172ee198f3be375979df15ac5345183e656720a381b8872b2a39dc8b","/logo512.png":"ee7e2f3fdb8209c4b6fd7bef6ba50d1b9dba30a25bb5c3126df057e1cb6f5331","/manifest.json":"aff3449bdc238776f5d6d967f19ec491b36aed5fb7f23ccff6500736fd58494a","/robots.txt":"bfe106a3fb878dc83461c86818bf74fc1bdc7f28538ba613cd3e775516ce8b49","/static/css/2.a1596f27.chunk.css":"e4a732f0e055f17e644afeb1b93c8f495e739763f6df2d8c63801c0a234e6c94","/static/css/2.a1596f27.chunk.css.map":"602e8887898a36b1acbb8bfc823f50903f19051ee3c251be2979ee07e76134d8","/static/css/main.c313366e.chunk.css":"f269b4c8e9529d3290ad6f3f41a87341a9e1731f93926242869f5b57fd467c18","/static/css/main.c313366e.chunk.css.map":"f6f9ceb504e5affc242387bd33ea005dbe1aac468db9fc84e53a7ea440d38620","/static/js/2.096c9ad1.chunk.js":"ae11fc8577f08e5c0e3765f1e493fb0846184829119777b34d526ca6fb509fca","/static/js/2.096c9ad1.chunk.js.LICENSE.txt":"bbf5fa56fdd8fc6b086ec7723178b1bf74cf79829fe8fa6992ef50b429d83efc","/static/js/2.096c9ad1.chunk.js.map":"a538a7a126af0b2b41bd176452c5a5c1d9b05a56c29defa1ea25656d5d2ffad7","/static/js/3.eb880fdd.chunk.js":"25adf13d9096e12fb54df7479b97599e6cf09750e43677a09b37eda548ec9c68","/static/js/3.eb880fdd.chunk.js.map":"603beefdf0422299614f0e07633310060e05e571c58b6cf7f8473d500912aeb5","/static/js/main.d1d6918d.chunk.js":"31587edfc3f21b05309c726a8f26765fafd456ddf31049f1a6473e6829b51c4a","/static/js/main.d1d6918d.chunk.js.map":"1375ffb98002b62f99e0856bf49f0ce16873c321356a3ae87aeeed13c68c12ed","/static/js/runtime-main.4c980fce.js":"f8b5ae96cc0f3a93b5652cd4f3886b87287eeb05c3ece43f35d87a5514ab4ff0","/static/js/runtime-main.4c980fce.js.map":"d05230d79e98048b3cd33c69542c1b218d49bf3919e864754055c2ec27408a4a","/static/media/4K-1.b535e7c5.gif":"3bfda56ff67938d1d239e9de20aa7613ba48ed6b1edd0f70108fb0197ec393d3"}}
